-------------------------------------------------------------------------------
Test set: TestSuite
-------------------------------------------------------------------------------
Tests run: 2, Failures: 1, Errors: 0, Skipped: 0, Time elapsed: 44.506 s <<< FAILURE! - in TestSuite
testClasses.TC_LoginTest_001.LoginTest  Time elapsed: 4.143 s  <<< FAILURE!
java.lang.AssertionError
	at testClasses.TC_LoginTest_001.LoginTest(TC_LoginTest_001.java:33)

